CONNECT
LOGIN W
OK
CONNECT
LOGIN H
OK
CONNECT
LOGIN Y
OK
CONNECT
LOGIN T
OK
START 1 1 4 2 3 7 9 14 34
START 2 1 4 2 3 7 9 14 34
START 3 1 4 2 3 7 9 14 34
START 4 1 4 2 3 7 9 14 34
YOUR CHOICE
CHOOSE 34
OK
PLAYER CHOICE 1 34
PLAYER CHOICE 1 34
PLAYER CHOICE 1 34
YOUR CHOICE
CHOOSE 7
OK
PLAYER CHOICE 4 7
PLAYER CHOICE 4 7
PLAYER CHOICE 4 7
YOUR CHOICE
CHOOSE 14
OK
PLAYER CHOICE 2 14
PLAYER CHOICE 2 14
PLAYER CHOICE 2 14
YOUR CHOICE
CHOOSE 9
OK
PLAYER CHOICE 3 9
PLAYER CHOICE 3 9
PLAYER CHOICE 3 9
ROUND 3 17 19 46
ROUND 3 17 19 46
ROUND 3 17 19 46
ROUND 3 17 19 46
YOUR MOVE
MOVE 0 1 90
OK
PLAYER MOVE 4 0 1 90
PLAYER MOVE 4 0 1 90
PLAYER MOVE 4 0 1 90
YOUR CHOICE
CHOOSE 46
OK
PLAYER CHOICE 4 46
PLAYER CHOICE 4 46
PLAYER CHOICE 4 46
YOUR MOVE
MOVE 0 1 90
OK
PLAYER MOVE 3 0 1 90
PLAYER MOVE 3 0 1 90
PLAYER MOVE 3 0 1 90
YOUR CHOICE
CHOOSE 19
OK
PLAYER CHOICE 3 19
PLAYER CHOICE 3 19
PLAYER CHOICE 3 19
YOUR MOVE
MOVE 0 1 90
OK
PLAYER MOVE 2 0 1 90
PLAYER MOVE 2 0 1 90
PLAYER MOVE 2 0 1 90
YOUR CHOICE
CHOOSE 17
OK
PLAYER CHOICE 2 17
PLAYER CHOICE 2 17
PLAYER CHOICE 2 17
YOUR MOVE
MOVE 0 1 90
OK
PLAYER MOVE 1 0 1 90
PLAYER MOVE 1 0 1 90
PLAYER MOVE 1 0 1 90
YOUR CHOICE
CHOOSE 3
OK
PLAYER CHOICE 1 3
PLAYER CHOICE 1 3
PLAYER CHOICE 1 3
ROUND 6 15 39 48
ROUND 6 15 39 48
ROUND 6 15 39 48
ROUND 6 15 39 48
YOUR MOVE
MOVE 0 3 90
OK
PLAYER MOVE 1 0 3 90
PLAYER MOVE 1 0 3 90
PLAYER MOVE 1 0 3 90
YOUR CHOICE
CHOOSE 6
OK
PLAYER CHOICE 1 6
PLAYER CHOICE 1 6
PLAYER CHOICE 1 6
YOUR MOVE
MOVE 0 3 90
OK
PLAYER MOVE 2 0 3 90
PLAYER MOVE 2 0 3 90
PLAYER MOVE 2 0 3 90
YOUR CHOICE
CHOOSE 15
OK
PLAYER CHOICE 2 15
PLAYER CHOICE 2 15
PLAYER CHOICE 2 15
YOUR MOVE
MOVE 0 3 90
OK
PLAYER MOVE 3 0 3 90
PLAYER MOVE 3 0 3 90
PLAYER MOVE 3 0 3 90
YOUR CHOICE
CHOOSE 39
OK
PLAYER CHOICE 3 39
PLAYER CHOICE 3 39
PLAYER CHOICE 3 39
YOUR MOVE
MOVE 0 3 90
OK
PLAYER MOVE 4 0 3 90
PLAYER MOVE 4 0 3 90
PLAYER MOVE 4 0 3 90
YOUR CHOICE
CHOOSE 48
OK
PLAYER CHOICE 4 48
PLAYER CHOICE 4 48
PLAYER CHOICE 4 48
ROUND 16 22 25 44
ROUND 16 22 25 44
ROUND 16 22 25 44
ROUND 16 22 25 44
YOUR MOVE
MOVE 0 5 90
OK
PLAYER MOVE 1 0 5 90
PLAYER MOVE 1 0 5 90
PLAYER MOVE 1 0 5 90
YOUR CHOICE
CHOOSE 16
OK
PLAYER CHOICE 1 16
PLAYER CHOICE 1 16
PLAYER CHOICE 1 16
YOUR MOVE
MOVE 0 5 90
OK
PLAYER MOVE 2 0 5 90
PLAYER MOVE 2 0 5 90
PLAYER MOVE 2 0 5 90
YOUR CHOICE
CHOOSE 22
OK
PLAYER CHOICE 2 22
PLAYER CHOICE 2 22
PLAYER CHOICE 2 22
YOUR MOVE
MOVE 0 5 90
OK
PLAYER MOVE 3 0 5 90
PLAYER MOVE 3 0 5 90
PLAYER MOVE 3 0 5 90
YOUR CHOICE
CHOOSE 25
OK
PLAYER CHOICE 3 25
PLAYER CHOICE 3 25
PLAYER CHOICE 3 25
YOUR MOVE
MOVE 0 5 90
OK
PLAYER MOVE 4 0 5 90
PLAYER MOVE 4 0 5 90
PLAYER MOVE 4 0 5 90
YOUR CHOICE
CHOOSE 44
OK
PLAYER CHOICE 4 44
PLAYER CHOICE 4 44
PLAYER CHOICE 4 44
ROUND 8 20 23 30
ROUND 8 20 23 30
ROUND 8 20 23 30
ROUND 8 20 23 30
YOUR MOVE
MOVE 0 7 90
OK
PLAYER MOVE 1 0 7 90
PLAYER MOVE 1 0 7 90
PLAYER MOVE 1 0 7 90
YOUR CHOICE
CHOOSE 8
OK
PLAYER CHOICE 1 8
PLAYER CHOICE 1 8
PLAYER CHOICE 1 8
YOUR MOVE
MOVE 0 7 90
OK
PLAYER MOVE 2 0 7 90
PLAYER MOVE 2 0 7 90
PLAYER MOVE 2 0 7 90
YOUR CHOICE
CHOOSE 20
OK
PLAYER CHOICE 2 20
PLAYER CHOICE 2 20
PLAYER CHOICE 2 20
YOUR MOVE
MOVE 0 7 90
OK
PLAYER MOVE 3 0 7 90
PLAYER MOVE 3 0 7 90
PLAYER MOVE 3 0 7 90
YOUR CHOICE
CHOOSE 23
OK
PLAYER CHOICE 3 23
PLAYER CHOICE 3 23
PLAYER CHOICE 3 23
YOUR MOVE
MOVE 0 7 90
OK
PLAYER MOVE 4 0 7 90
PLAYER MOVE 4 0 7 90
PLAYER MOVE 4 0 7 90
YOUR CHOICE
CHOOSE 30
OK
PLAYER CHOICE 4 30
PLAYER CHOICE 4 30
PLAYER CHOICE 4 30
ROUND 1 10 13 35
ROUND 1 10 13 35
ROUND 1 10 13 35
ROUND 1 10 13 35
YOUR MOVE
MOVE 0 9 90
OK
PLAYER MOVE 1 0 9 90
PLAYER MOVE 1 0 9 90
PLAYER MOVE 1 0 9 90
YOUR CHOICE
CHOOSE 1
OK
PLAYER CHOICE 1 1
PLAYER CHOICE 1 1
PLAYER CHOICE 1 1
YOUR MOVE
MOVE 0 9 90
OK
PLAYER MOVE 2 0 9 90
PLAYER MOVE 2 0 9 90
PLAYER MOVE 2 0 9 90
YOUR CHOICE
CHOOSE 10
OK
PLAYER CHOICE 2 10
PLAYER CHOICE 2 10
PLAYER CHOICE 2 10
YOUR MOVE
MOVE 0 9 90
OK
PLAYER MOVE 3 0 9 90
PLAYER MOVE 3 0 9 90
PLAYER MOVE 3 0 9 90
YOUR CHOICE
CHOOSE 13
OK
PLAYER CHOICE 3 13
PLAYER CHOICE 3 13
PLAYER CHOICE 3 13
YOUR MOVE
MOVE 0 9 90
OK
PLAYER MOVE 4 0 9 90
PLAYER MOVE 4 0 9 90
PLAYER MOVE 4 0 9 90
YOUR CHOICE
CHOOSE 35
OK
PLAYER CHOICE 4 35
PLAYER CHOICE 4 35
PLAYER CHOICE 4 35
ROUND 4 12 36 41
ROUND 4 12 36 41
ROUND 4 12 36 41
ROUND 4 12 36 41
YOUR MOVE
MOVE 0 11 90
OK
PLAYER MOVE 1 0 11 90
PLAYER MOVE 1 0 11 90
PLAYER MOVE 1 0 11 90
YOUR CHOICE
CHOOSE 4
OK
PLAYER CHOICE 1 4
PLAYER CHOICE 1 4
PLAYER CHOICE 1 4
YOUR MOVE
MOVE 0 11 90
OK
PLAYER MOVE 2 0 11 90
PLAYER MOVE 2 0 11 90
PLAYER MOVE 2 0 11 90
YOUR CHOICE
CHOOSE 12
OK
PLAYER CHOICE 2 12
PLAYER CHOICE 2 12
PLAYER CHOICE 2 12
YOUR MOVE
MOVE 0 11 90
OK
PLAYER MOVE 3 0 11 90
PLAYER MOVE 3 0 11 90
PLAYER MOVE 3 0 11 90
YOUR CHOICE
CHOOSE 36
OK
PLAYER CHOICE 3 36
PLAYER CHOICE 3 36
PLAYER CHOICE 3 36
YOUR MOVE
MOVE 0 11 90
OK
PLAYER MOVE 4 0 11 90
PLAYER MOVE 4 0 11 90
PLAYER MOVE 4 0 11 90
YOUR CHOICE
CHOOSE 41
OK
PLAYER CHOICE 4 41
PLAYER CHOICE 4 41
PLAYER CHOICE 4 41
ROUND 5 11 21 32
ROUND 5 11 21 32
ROUND 5 11 21 32
ROUND 5 11 21 32
YOUR MOVE
MOVE 0 13 90
OK
PLAYER MOVE 1 0 13 90
PLAYER MOVE 1 0 13 90
PLAYER MOVE 1 0 13 90
YOUR CHOICE
CHOOSE 5
OK
PLAYER CHOICE 1 5
PLAYER CHOICE 1 5
PLAYER CHOICE 1 5
YOUR MOVE
MOVE 0 13 90
OK
PLAYER MOVE 2 0 13 90
PLAYER MOVE 2 0 13 90
PLAYER MOVE 2 0 13 90
YOUR CHOICE
CHOOSE 11
OK
PLAYER CHOICE 2 11
PLAYER CHOICE 2 11
PLAYER CHOICE 2 11
YOUR MOVE
MOVE 0 13 90
OK
PLAYER MOVE 3 0 13 90
PLAYER MOVE 3 0 13 90
PLAYER MOVE 3 0 13 90
YOUR CHOICE
CHOOSE 21
OK
PLAYER CHOICE 3 21
PLAYER CHOICE 3 21
PLAYER CHOICE 3 21
YOUR MOVE
MOVE 0 13 90
OK
PLAYER MOVE 4 0 13 90
PLAYER MOVE 4 0 13 90
PLAYER MOVE 4 0 13 90
YOUR CHOICE
CHOOSE 32
OK
PLAYER CHOICE 4 32
PLAYER CHOICE 4 32
PLAYER CHOICE 4 32
ROUND 27 28 33 37
ROUND 27 28 33 37
ROUND 27 28 33 37
ROUND 27 28 33 37
YOUR MOVE
MOVE 0 15 90
OK
PLAYER MOVE 1 0 15 90
PLAYER MOVE 1 0 15 90
PLAYER MOVE 1 0 15 90
YOUR CHOICE
CHOOSE 27
OK
PLAYER CHOICE 1 27
PLAYER CHOICE 1 27
PLAYER CHOICE 1 27
YOUR MOVE
MOVE 0 15 90
OK
PLAYER MOVE 2 0 15 90
PLAYER MOVE 2 0 15 90
PLAYER MOVE 2 0 15 90
YOUR CHOICE
CHOOSE 28
OK
PLAYER CHOICE 2 28
PLAYER CHOICE 2 28
PLAYER CHOICE 2 28
YOUR MOVE
MOVE 0 15 90
OK
PLAYER MOVE 3 0 15 90
PLAYER MOVE 3 0 15 90
PLAYER MOVE 3 0 15 90
YOUR CHOICE
CHOOSE 33
OK
PLAYER CHOICE 3 33
PLAYER CHOICE 3 33
PLAYER CHOICE 3 33
YOUR MOVE
MOVE 0 15 90
OK
PLAYER MOVE 4 0 15 90
PLAYER MOVE 4 0 15 90
PLAYER MOVE 4 0 15 90
YOUR CHOICE
CHOOSE 37
OK
PLAYER CHOICE 4 37
PLAYER CHOICE 4 37
PLAYER CHOICE 4 37
ROUND 18 24 40 42
ROUND 18 24 40 42
ROUND 18 24 40 42
ROUND 18 24 40 42
YOUR MOVE
MOVE 0 17 90
OK
PLAYER MOVE 1 0 17 90
PLAYER MOVE 1 0 17 90
PLAYER MOVE 1 0 17 90
YOUR CHOICE
CHOOSE 18
OK
PLAYER CHOICE 1 18
PLAYER CHOICE 1 18
PLAYER CHOICE 1 18
YOUR MOVE
MOVE 0 17 90
OK
PLAYER MOVE 2 0 17 90
PLAYER MOVE 2 0 17 90
PLAYER MOVE 2 0 17 90
YOUR CHOICE
CHOOSE 24
OK
PLAYER CHOICE 2 24
PLAYER CHOICE 2 24
PLAYER CHOICE 2 24
YOUR MOVE
MOVE 0 17 90
OK
PLAYER MOVE 3 0 17 90
PLAYER MOVE 3 0 17 90
PLAYER MOVE 3 0 17 90
YOUR CHOICE
CHOOSE 40
OK
PLAYER CHOICE 3 40
PLAYER CHOICE 3 40
PLAYER CHOICE 3 40
YOUR MOVE
MOVE 0 17 90
OK
PLAYER MOVE 4 0 17 90
PLAYER MOVE 4 0 17 90
PLAYER MOVE 4 0 17 90
YOUR CHOICE
CHOOSE 42
OK
PLAYER CHOICE 4 42
PLAYER CHOICE 4 42
PLAYER CHOICE 4 42
ROUND 2 29 38 47
ROUND 2 29 38 47
ROUND 2 29 38 47
ROUND 2 29 38 47
YOUR MOVE
MOVE 0 19 90
OK
PLAYER MOVE 1 0 19 90
PLAYER MOVE 1 0 19 90
PLAYER MOVE 1 0 19 90
YOUR CHOICE
CHOOSE 2
OK
PLAYER CHOICE 1 2
PLAYER CHOICE 1 2
PLAYER CHOICE 1 2
YOUR MOVE
MOVE 0 19 90
OK
PLAYER MOVE 2 0 19 90
PLAYER MOVE 2 0 19 90
PLAYER MOVE 2 0 19 90
YOUR CHOICE
CHOOSE 29
OK
PLAYER CHOICE 2 29
PLAYER CHOICE 2 29
PLAYER CHOICE 2 29
YOUR MOVE
MOVE 0 19 90
OK
PLAYER MOVE 3 0 19 90
PLAYER MOVE 3 0 19 90
PLAYER MOVE 3 0 19 90
YOUR CHOICE
CHOOSE 38
OK
PLAYER CHOICE 3 38
PLAYER CHOICE 3 38
PLAYER CHOICE 3 38
YOUR MOVE
MOVE 0 19 90
OK
PLAYER MOVE 4 0 19 90
PLAYER MOVE 4 0 19 90
PLAYER MOVE 4 0 19 90
YOUR CHOICE
CHOOSE 47
OK
PLAYER CHOICE 4 47
PLAYER CHOICE 4 47
PLAYER CHOICE 4 47
ROUND 26 31 43 45
ROUND 26 31 43 45
ROUND 26 31 43 45
ROUND 26 31 43 45
YOUR MOVE
MOVE 0 21 90
OK
PLAYER MOVE 1 0 21 90
PLAYER MOVE 1 0 21 90
PLAYER MOVE 1 0 21 90
YOUR CHOICE
CHOOSE 26
OK
PLAYER CHOICE 1 26
PLAYER CHOICE 1 26
PLAYER CHOICE 1 26
YOUR MOVE
MOVE 0 21 90
OK
PLAYER MOVE 2 0 21 90
PLAYER MOVE 2 0 21 90
PLAYER MOVE 2 0 21 90
YOUR CHOICE
CHOOSE 31
OK
PLAYER CHOICE 2 31
PLAYER CHOICE 2 31
PLAYER CHOICE 2 31
YOUR MOVE
MOVE 0 21 90
OK
PLAYER MOVE 3 0 21 90
PLAYER MOVE 3 0 21 90
PLAYER MOVE 3 0 21 90
YOUR CHOICE
CHOOSE 43
OK
PLAYER CHOICE 3 43
PLAYER CHOICE 3 43
PLAYER CHOICE 3 43
YOUR MOVE
MOVE 0 21 90
OK
PLAYER MOVE 4 0 21 90
PLAYER MOVE 4 0 21 90
PLAYER MOVE 4 0 21 90
YOUR CHOICE
CHOOSE 45
OK
PLAYER CHOICE 4 45
PLAYER CHOICE 4 45
PLAYER CHOICE 4 45
ROUND
ROUND
ROUND
ROUND
YOUR MOVE
MOVE 0 23 90
OK
PLAYER MOVE 1 0 23 90
PLAYER MOVE 1 0 23 90
PLAYER MOVE 1 0 23 90
YOUR MOVE
MOVE 0 23 90
OK
PLAYER MOVE 2 0 23 90
PLAYER MOVE 2 0 23 90
PLAYER MOVE 2 0 23 90
YOUR MOVE
MOVE 0 23 90
OK
PLAYER MOVE 3 0 23 90
PLAYER MOVE 3 0 23 90
PLAYER MOVE 3 0 23 90
YOUR MOVE
MOVE 0 23 90
OK
PLAYER MOVE 4 0 23 90
PLAYER MOVE 4 0 23 90
PLAYER MOVE 4 0 23 90
GAME OVER RESULTS W 51 H 41 Y 6 T 40
GAME OVER RESULTS W 51 H 41 Y 6 T 40
GAME OVER RESULTS W 51 H 41 Y 6 T 40
GAME OVER RESULTS W 51 H 41 Y 6 T 40
CONNECT
LOGIN M
OK
CONNECT
LOGIN Y
OK
CONNECT
LOGIN P
OK
CONNECT
LOGIN F
OK
START 1 1 2 3 4 7 13 16 45
START 2 1 2 3 4 7 13 16 45
START 3 1 2 3 4 7 13 16 45
START 4 1 2 3 4 7 13 16 45
YOUR CHOICE
CHOOSE 45
OK
PLAYER CHOICE 1 45
PLAYER CHOICE 1 45
PLAYER CHOICE 1 45
YOUR CHOICE
CHOOSE 16
OK
PLAYER CHOICE 2 16
PLAYER CHOICE 2 16
PLAYER CHOICE 2 16
YOUR CHOICE
CHOOSE 13
OK
PLAYER CHOICE 3 13
PLAYER CHOICE 3 13
PLAYER CHOICE 3 13
YOUR CHOICE
CHOOSE 7
OK
PLAYER CHOICE 4 7
PLAYER CHOICE 4 7
PLAYER CHOICE 4 7
ROUND 23 27 34 48
ROUND 23 27 34 48
ROUND 23 27 34 48
ROUND 23 27 34 48
YOUR MOVE
MOVE 0 1 90
OK
PLAYER MOVE 4 0 1 90
PLAYER MOVE 4 0 1 90
PLAYER MOVE 4 0 1 90
YOUR CHOICE
CHOOSE 48
OK
PLAYER CHOICE 4 48
PLAYER CHOICE 4 48
PLAYER CHOICE 4 48
YOUR MOVE
MOVE 0 1 90
OK
PLAYER MOVE 3 0 1 90
PLAYER MOVE 3 0 1 90
PLAYER MOVE 3 0 1 90
YOUR CHOICE
CHOOSE 34
OK
PLAYER CHOICE 3 34
PLAYER CHOICE 3 34
PLAYER CHOICE 3 34
YOUR MOVE
MOVE 0 1 90
OK
PLAYER MOVE 2 0 1 90
PLAYER MOVE 2 0 1 90
PLAYER MOVE 2 0 1 90
YOUR CHOICE
CHOOSE 27
OK
PLAYER CHOICE 2 27
PLAYER CHOICE 2 27
PLAYER CHOICE 2 27
YOUR MOVE
MOVE 0 1 90
OK
PLAYER MOVE 1 0 1 90
PLAYER MOVE 1 0 1 90
PLAYER MOVE 1 0 1 90
YOUR CHOICE
CHOOSE 23
OK
PLAYER CHOICE 1 23
PLAYER CHOICE 1 23
PLAYER CHOICE 1 23
ROUND 10 20 29 37
ROUND 10 20 29 37
ROUND 10 20 29 37
ROUND 10 20 29 37
YOUR MOVE
MOVE 0 3 90
OK
PLAYER MOVE 1 0 3 90
PLAYER MOVE 1 0 3 90
PLAYER MOVE 1 0 3 90
YOUR CHOICE
CHOOSE 10
OK
PLAYER CHOICE 1 10
PLAYER CHOICE 1 10
PLAYER CHOICE 1 10
YOUR MOVE
MOVE 0 3 90
OK
PLAYER MOVE 2 0 3 90
PLAYER MOVE 2 0 3 90
PLAYER MOVE 2 0 3 90
YOUR CHOICE
CHOOSE 20
OK
PLAYER CHOICE 2 20
PLAYER CHOICE 2 20
PLAYER CHOICE 2 20
YOUR MOVE
MOVE 0 3 90
OK
PLAYER MOVE 3 0 3 90
PLAYER MOVE 3 0 3 90
PLAYER MOVE 3 0 3 90
YOUR CHOICE
CHOOSE 29
OK
PLAYER CHOICE 3 29
PLAYER CHOICE 3 29
PLAYER CHOICE 3 29
YOUR MOVE
MOVE 0 3 90
OK
PLAYER MOVE 4 0 3 90
PLAYER MOVE 4 0 3 90
PLAYER MOVE 4 0 3 90
YOUR CHOICE
CHOOSE 37
OK
PLAYER CHOICE 4 37
PLAYER CHOICE 4 37
PLAYER CHOICE 4 37
ROUND 25 41 44 47
ROUND 25 41 44 47
ROUND 25 41 44 47
ROUND 25 41 44 47
YOUR MOVE
MOVE 0 5 90
OK
PLAYER MOVE 1 0 5 90
PLAYER MOVE 1 0 5 90
PLAYER MOVE 1 0 5 90
YOUR CHOICE
CHOOSE 25
OK
PLAYER CHOICE 1 25
PLAYER CHOICE 1 25
PLAYER CHOICE 1 25
YOUR MOVE
MOVE 0 5 90
OK
PLAYER MOVE 2 0 5 90
PLAYER MOVE 2 0 5 90
PLAYER MOVE 2 0 5 90
YOUR CHOICE
CHOOSE 41
OK
PLAYER CHOICE 2 41
PLAYER CHOICE 2 41
PLAYER CHOICE 2 41
YOUR MOVE
MOVE 0 5 90
OK
PLAYER MOVE 3 0 5 90
PLAYER MOVE 3 0 5 90
PLAYER MOVE 3 0 5 90
YOUR CHOICE
CHOOSE 44
OK
PLAYER CHOICE 3 44
PLAYER CHOICE 3 44
PLAYER CHOICE 3 44
YOUR MOVE
MOVE 0 5 90
OK
PLAYER MOVE 4 0 5 90
PLAYER MOVE 4 0 5 90
PLAYER MOVE 4 0 5 90
YOUR CHOICE
CHOOSE 47
OK
PLAYER CHOICE 4 47
PLAYER CHOICE 4 47
PLAYER CHOICE 4 47
ROUND 4 21 33 39
ROUND 4 21 33 39
ROUND 4 21 33 39
ROUND 4 21 33 39
YOUR MOVE
MOVE 0 7 90
OK
PLAYER MOVE 1 0 7 90
PLAYER MOVE 1 0 7 90
PLAYER MOVE 1 0 7 90
YOUR CHOICE
CHOOSE 4
OK
PLAYER CHOICE 1 4
PLAYER CHOICE 1 4
PLAYER CHOICE 1 4
YOUR MOVE
MOVE 0 7 90
OK
PLAYER MOVE 2 0 7 90
PLAYER MOVE 2 0 7 90
PLAYER MOVE 2 0 7 90
YOUR CHOICE
CHOOSE 21
OK
PLAYER CHOICE 2 21
PLAYER CHOICE 2 21
PLAYER CHOICE 2 21
YOUR MOVE
MOVE 0 7 90
OK
PLAYER MOVE 3 0 7 90
PLAYER MOVE 3 0 7 90
PLAYER MOVE 3 0 7 90
YOUR CHOICE
CHOOSE 33
OK
PLAYER CHOICE 3 33
PLAYER CHOICE 3 33
PLAYER CHOICE 3 33
YOUR MOVE
MOVE 0 7 90
OK
PLAYER MOVE 4 0 7 90
PLAYER MOVE 4 0 7 90
PLAYER MOVE 4 0 7 90
YOUR CHOICE
CHOOSE 39
OK
PLAYER CHOICE 4 39
PLAYER CHOICE 4 39
PLAYER CHOICE 4 39
ROUND 1 18 24 26
ROUND 1 18 24 26
ROUND 1 18 24 26
ROUND 1 18 24 26
YOUR MOVE
MOVE 0 9 90
OK
PLAYER MOVE 1 0 9 90
PLAYER MOVE 1 0 9 90
PLAYER MOVE 1 0 9 90
YOUR CHOICE
CHOOSE 1
OK
PLAYER CHOICE 1 1
PLAYER CHOICE 1 1
PLAYER CHOICE 1 1
YOUR MOVE
MOVE 0 9 90
OK
PLAYER MOVE 2 0 9 90
PLAYER MOVE 2 0 9 90
PLAYER MOVE 2 0 9 90
YOUR CHOICE
CHOOSE 18
OK
PLAYER CHOICE 2 18
PLAYER CHOICE 2 18
PLAYER CHOICE 2 18
YOUR MOVE
MOVE 0 9 90
OK
PLAYER MOVE 3 0 9 90
PLAYER MOVE 3 0 9 90
PLAYER MOVE 3 0 9 90
YOUR CHOICE
CHOOSE 24
OK
PLAYER CHOICE 3 24
PLAYER CHOICE 3 24
PLAYER CHOICE 3 24
YOUR MOVE
MOVE 0 9 90
OK
PLAYER MOVE 4 0 9 90
PLAYER MOVE 4 0 9 90
PLAYER MOVE 4 0 9 90
YOUR CHOICE
CHOOSE 26
OK
PLAYER CHOICE 4 26
PLAYER CHOICE 4 26
PLAYER CHOICE 4 26
ROUND 14 17 42 43
ROUND 14 17 42 43
ROUND 14 17 42 43
ROUND 14 17 42 43
YOUR MOVE
MOVE 0 11 90
OK
PLAYER MOVE 1 0 11 90
PLAYER MOVE 1 0 11 90
PLAYER MOVE 1 0 11 90
YOUR CHOICE
CHOOSE 14
OK
PLAYER CHOICE 1 14
PLAYER CHOICE 1 14
PLAYER CHOICE 1 14
YOUR MOVE
MOVE 0 11 90
OK
PLAYER MOVE 2 0 11 90
PLAYER MOVE 2 0 11 90
PLAYER MOVE 2 0 11 90
YOUR CHOICE
CHOOSE 17
OK
PLAYER CHOICE 2 17
PLAYER CHOICE 2 17
PLAYER CHOICE 2 17
YOUR MOVE
MOVE 0 11 90
OK
PLAYER MOVE 3 0 11 90
PLAYER MOVE 3 0 11 90
PLAYER MOVE 3 0 11 90
YOUR CHOICE
CHOOSE 42
OK
PLAYER CHOICE 3 42
PLAYER CHOICE 3 42
PLAYER CHOICE 3 42
YOUR MOVE
MOVE 0 11 90
OK
PLAYER MOVE 4 0 11 90
PLAYER MOVE 4 0 11 90
PLAYER MOVE 4 0 11 90
YOUR CHOICE
CHOOSE 43
OK
PLAYER CHOICE 4 43
PLAYER CHOICE 4 43
PLAYER CHOICE 4 43
ROUND 6 12 19 30
ROUND 6 12 19 30
ROUND 6 12 19 30
ROUND 6 12 19 30
YOUR MOVE
MOVE 0 13 90
OK
PLAYER MOVE 1 0 13 90
PLAYER MOVE 1 0 13 90
PLAYER MOVE 1 0 13 90
YOUR CHOICE
CHOOSE 6
OK
PLAYER CHOICE 1 6
PLAYER CHOICE 1 6
PLAYER CHOICE 1 6
YOUR MOVE
MOVE 0 13 90
OK
PLAYER MOVE 2 0 13 90
PLAYER MOVE 2 0 13 90
PLAYER MOVE 2 0 13 90
YOUR CHOICE
CHOOSE 12
OK
PLAYER CHOICE 2 12
PLAYER CHOICE 2 12
PLAYER CHOICE 2 12
YOUR MOVE
MOVE 0 13 90
OK
PLAYER MOVE 3 0 13 90
PLAYER MOVE 3 0 13 90
PLAYER MOVE 3 0 13 90
YOUR CHOICE
CHOOSE 19
OK
PLAYER CHOICE 3 19
PLAYER CHOICE 3 19
PLAYER CHOICE 3 19
YOUR MOVE
MOVE 0 13 90
OK
PLAYER MOVE 4 0 13 90
PLAYER MOVE 4 0 13 90
PLAYER MOVE 4 0 13 90
YOUR CHOICE
CHOOSE 30
OK
PLAYER CHOICE 4 30
PLAYER CHOICE 4 30
PLAYER CHOICE 4 30
ROUND 5 11 28 31
ROUND 5 11 28 31
ROUND 5 11 28 31
ROUND 5 11 28 31
YOUR MOVE
MOVE 0 15 90
OK
PLAYER MOVE 1 0 15 90
PLAYER MOVE 1 0 15 90
PLAYER MOVE 1 0 15 90
YOUR CHOICE
CHOOSE 5
OK
PLAYER CHOICE 1 5
PLAYER CHOICE 1 5
PLAYER CHOICE 1 5
YOUR MOVE
MOVE 0 15 90
OK
PLAYER MOVE 2 0 15 90
PLAYER MOVE 2 0 15 90
PLAYER MOVE 2 0 15 90
YOUR CHOICE
CHOOSE 11
OK
PLAYER CHOICE 2 11
PLAYER CHOICE 2 11
PLAYER CHOICE 2 11
YOUR MOVE
MOVE 0 15 90
OK
PLAYER MOVE 3 0 15 90
PLAYER MOVE 3 0 15 90
PLAYER MOVE 3 0 15 90
YOUR CHOICE
CHOOSE 28
OK
PLAYER CHOICE 3 28
PLAYER CHOICE 3 28
PLAYER CHOICE 3 28
YOUR MOVE
MOVE 0 15 90
OK
PLAYER MOVE 4 0 15 90
PLAYER MOVE 4 0 15 90
PLAYER MOVE 4 0 15 90
YOUR CHOICE
CHOOSE 31
OK
PLAYER CHOICE 4 31
PLAYER CHOICE 4 31
PLAYER CHOICE 4 31
ROUND 8 22 32 35
ROUND 8 22 32 35
ROUND 8 22 32 35
ROUND 8 22 32 35
YOUR MOVE
MOVE 0 17 90
OK
PLAYER MOVE 1 0 17 90
PLAYER MOVE 1 0 17 90
PLAYER MOVE 1 0 17 90
YOUR CHOICE
CHOOSE 8
OK
PLAYER CHOICE 1 8
PLAYER CHOICE 1 8
PLAYER CHOICE 1 8
YOUR MOVE
MOVE 0 17 90
OK
PLAYER MOVE 2 0 17 90
PLAYER MOVE 2 0 17 90
PLAYER MOVE 2 0 17 90
YOUR CHOICE
CHOOSE 22
OK
PLAYER CHOICE 2 22
PLAYER CHOICE 2 22
PLAYER CHOICE 2 22
YOUR MOVE
MOVE 0 17 90
OK
PLAYER MOVE 3 0 17 90
PLAYER MOVE 3 0 17 90
PLAYER MOVE 3 0 17 90
YOUR CHOICE
CHOOSE 32
OK
PLAYER CHOICE 3 32
PLAYER CHOICE 3 32
PLAYER CHOICE 3 32
YOUR MOVE
MOVE 0 17 90
OK
PLAYER MOVE 4 0 17 90
PLAYER MOVE 4 0 17 90
PLAYER MOVE 4 0 17 90
YOUR CHOICE
CHOOSE 35
OK
PLAYER CHOICE 4 35
PLAYER CHOICE 4 35
PLAYER CHOICE 4 35
ROUND 2 9 38 40
ROUND 2 9 38 40
ROUND 2 9 38 40
ROUND 2 9 38 40
YOUR MOVE
MOVE 0 19 90
OK
PLAYER MOVE 1 0 19 90
PLAYER MOVE 1 0 19 90
PLAYER MOVE 1 0 19 90
YOUR CHOICE
CHOOSE 2
OK
PLAYER CHOICE 1 2
PLAYER CHOICE 1 2
PLAYER CHOICE 1 2
YOUR MOVE
MOVE 0 19 90
OK
PLAYER MOVE 2 0 19 90
PLAYER MOVE 2 0 19 90
PLAYER MOVE 2 0 19 90
YOUR CHOICE
CHOOSE 9
OK
PLAYER CHOICE 2 9
PLAYER CHOICE 2 9
PLAYER CHOICE 2 9
YOUR MOVE
MOVE 0 19 90
OK
PLAYER MOVE 3 0 19 90
PLAYER MOVE 3 0 19 90
PLAYER MOVE 3 0 19 90
YOUR CHOICE
CHOOSE 38
OK
PLAYER CHOICE 3 38
PLAYER CHOICE 3 38
PLAYER CHOICE 3 38
YOUR MOVE
MOVE 0 19 90
OK
PLAYER MOVE 4 0 19 90
PLAYER MOVE 4 0 19 90
PLAYER MOVE 4 0 19 90
YOUR CHOICE
CHOOSE 40
OK
PLAYER CHOICE 4 40
PLAYER CHOICE 4 40
PLAYER CHOICE 4 40
ROUND 3 15 36 46
ROUND 3 15 36 46
ROUND 3 15 36 46
ROUND 3 15 36 46
YOUR MOVE
MOVE 0 21 90
OK
PLAYER MOVE 1 0 21 90
PLAYER MOVE 1 0 21 90
PLAYER MOVE 1 0 21 90
YOUR CHOICE
CHOOSE 3
OK
PLAYER CHOICE 1 3
PLAYER CHOICE 1 3
PLAYER CHOICE 1 3
YOUR MOVE
MOVE 0 21 90
OK
PLAYER MOVE 2 0 21 90
PLAYER MOVE 2 0 21 90
PLAYER MOVE 2 0 21 90
YOUR CHOICE
CHOOSE 15
OK
PLAYER CHOICE 2 15
PLAYER CHOICE 2 15
PLAYER CHOICE 2 15
YOUR MOVE
MOVE 0 21 90
OK
PLAYER MOVE 3 0 21 90
PLAYER MOVE 3 0 21 90
PLAYER MOVE 3 0 21 90
YOUR CHOICE
CHOOSE 36
OK
PLAYER CHOICE 3 36
PLAYER CHOICE 3 36
PLAYER CHOICE 3 36
YOUR MOVE
MOVE 0 21 90
OK
PLAYER MOVE 4 0 21 90
PLAYER MOVE 4 0 21 90
PLAYER MOVE 4 0 21 90
YOUR CHOICE
CHOOSE 46
OK
PLAYER CHOICE 4 46
PLAYER CHOICE 4 46
PLAYER CHOICE 4 46
ROUND
ROUND
ROUND
ROUND
YOUR MOVE
MOVE 0 23 90
OK
PLAYER MOVE 1 0 23 90
PLAYER MOVE 1 0 23 90
PLAYER MOVE 1 0 23 90
YOUR MOVE
MOVE 0 23 90
OK
PLAYER MOVE 2 0 23 90
PLAYER MOVE 2 0 23 90
PLAYER MOVE 2 0 23 90
YOUR MOVE
MOVE 0 23 90
OK
PLAYER MOVE 3 0 23 90
PLAYER MOVE 3 0 23 90
PLAYER MOVE 3 0 23 90
YOUR MOVE
MOVE 0 23 90
OK
PLAYER MOVE 4 0 23 90
PLAYER MOVE 4 0 23 90
PLAYER MOVE 4 0 23 90
GAME OVER RESULTS M 20 Y 39 P 7 F 42
GAME OVER RESULTS M 20 Y 39 P 7 F 42
GAME OVER RESULTS M 20 Y 39 P 7 F 42
GAME OVER RESULTS M 20 Y 39 P 7 F 42
