2021-01-21 20:26:17 INFO  Server:30 - SERVER: CONNECT
2021-01-21 20:26:18 INFO  Server:30 - SERVER: CONNECT
2021-01-21 20:26:19 INFO  Server:30 - SERVER: CONNECT
2021-01-21 20:26:21 INFO  Server:30 - SERVER: CONNECT
2021-01-21 20:26:24 INFO  Server:22 - CLIENT LOGIN A
2021-01-21 20:26:24 INFO  Server:30 - SERVER: OK
2021-01-21 20:26:28 INFO  Server:22 - CLIENT LOGIN B
2021-01-21 20:26:28 INFO  Server:30 - SERVER: OK
2021-01-21 20:26:31 INFO  Server:22 - CLIENT LOGIN C
2021-01-21 20:26:31 INFO  Server:30 - SERVER: OK
2021-01-21 20:26:35 INFO  Server:22 - CLIENT LOGIN D
2021-01-21 20:26:35 INFO  Server:30 - SERVER: OK
2021-01-21 20:26:35 INFO  Server:30 - SERVER: START 4 3 4 2 1 1 9 23 46
2021-01-21 20:26:35 INFO  Server:30 - SERVER: START 1 3 4 2 1 1 9 23 46
2021-01-21 20:26:35 INFO  Server:30 - SERVER: START 2 3 4 2 1 1 9 23 46
2021-01-21 20:26:35 INFO  Server:30 - SERVER: START 3 3 4 2 1 1 9 23 46
2021-01-21 20:26:35 INFO  Server:30 - SERVER: YOUR CHOICE
2021-01-21 20:27:07 INFO  Server:22 - CLIENT CHOOSE 46
2021-01-21 20:27:07 INFO  Server:30 - SERVER: OK
2021-01-21 20:27:07 INFO  Server:30 - SERVER: PLAYER CHOICE 3 46
2021-01-21 20:27:07 INFO  Server:30 - SERVER: PLAYER CHOICE 3 46
2021-01-21 20:27:07 INFO  Server:30 - SERVER: PLAYER CHOICE 3 46
2021-01-21 20:27:07 INFO  Server:30 - SERVER: YOUR CHOICE
2021-01-21 20:27:12 INFO  Server:22 - CLIENT CHOOSE 9
2021-01-21 20:27:12 INFO  Server:30 - SERVER: OK
2021-01-21 20:27:12 INFO  Server:30 - SERVER: PLAYER CHOICE 4 9
2021-01-21 20:27:12 INFO  Server:30 - SERVER: PLAYER CHOICE 4 9
2021-01-21 20:27:12 INFO  Server:30 - SERVER: YOUR CHOICE
2021-01-21 20:27:12 INFO  Server:30 - SERVER: PLAYER CHOICE 4 9
2021-01-21 20:27:42 INFO  Server:22 - CLIENT CHOOSE 23
2021-01-21 20:27:42 INFO  Server:30 - SERVER: OK
2021-01-21 20:27:42 INFO  Server:30 - SERVER: PLAYER CHOICE 2 23
2021-01-21 20:27:42 INFO  Server:30 - SERVER: PLAYER CHOICE 2 23
2021-01-21 20:27:42 INFO  Server:30 - SERVER: PLAYER CHOICE 2 23
2021-01-21 20:27:42 INFO  Server:30 - SERVER: YOUR CHOICE
2021-01-21 20:28:10 INFO  Server:22 - CLIENT CHOOSE 1
2021-01-21 20:28:10 INFO  Server:30 - SERVER: OK
2021-01-21 20:28:10 INFO  Server:30 - SERVER: PLAYER CHOICE 1 1
2021-01-21 20:28:10 INFO  Server:30 - SERVER: PLAYER CHOICE 1 1
2021-01-21 20:28:10 INFO  Server:30 - SERVER: PLAYER CHOICE 1 1
2021-01-21 20:28:10 INFO  Server:30 - SERVER: ROUND 6 7 10 31
2021-01-21 20:28:10 INFO  Server:30 - SERVER: ROUND 6 7 10 31
2021-01-21 20:28:10 INFO  Server:30 - SERVER: ROUND 6 7 10 31
2021-01-21 20:28:10 INFO  Server:30 - SERVER: ROUND 6 7 10 31
2021-01-21 20:28:10 INFO  Server:30 - SERVER: siema jestes teraz 2 w kolejce
2021-01-21 20:28:10 INFO  Server:30 - SERVER: siema 3 w kolejce
2021-01-21 20:28:10 INFO  Server:30 - SERVER: siema jestes teraz 1 w kolejce
2021-01-21 20:28:10 INFO  Server:30 - SERVER: siema 4 w kolejce
2021-01-21 20:28:10 INFO  Server:30 - SERVER: YOUR MOVE
2021-01-21 20:28:48 INFO  Server:22 - CLIENT MOVE 2 2 90
2021-01-21 20:28:48 INFO  Server:30 - SERVER: OK
2021-01-21 20:28:48 INFO  Server:30 - SERVER: PLAYER MOVE 2 2 90
2021-01-21 20:28:48 INFO  Server:30 - SERVER: PLAYER MOVE 2 2 90
2021-01-21 20:28:48 INFO  Server:30 - SERVER: PLAYER MOVE 2 2 90
2021-01-21 20:28:48 INFO  Server:30 - SERVER: YOUR CHOICE
2021-01-21 20:28:54 INFO  Server:22 - CLIENT CHOOSE 10
2021-01-21 20:28:54 INFO  Server:30 - SERVER: OK
2021-01-21 20:28:54 INFO  Server:30 - SERVER: PLAYER CHOICE 1 10
2021-01-21 20:28:54 INFO  Server:30 - SERVER: PLAYER CHOICE 1 10
2021-01-21 20:28:54 INFO  Server:30 - SERVER: PLAYER CHOICE 1 10
2021-01-21 20:28:54 INFO  Server:30 - SERVER: YOUR MOVE
2021-01-21 20:29:01 INFO  Server:22 - CLIENT MOVE 2 2 90
2021-01-21 20:29:01 INFO  Server:30 - SERVER: OK
2021-01-21 20:29:01 INFO  Server:30 - SERVER: PLAYER MOVE 2 2 90
2021-01-21 20:29:01 INFO  Server:30 - SERVER: PLAYER MOVE 2 2 90
2021-01-21 20:29:01 INFO  Server:30 - SERVER: PLAYER MOVE 2 2 90
2021-01-21 20:29:01 INFO  Server:30 - SERVER: YOUR CHOICE
2021-01-21 20:29:11 INFO  Server:22 - CLIENT CHOOSE 6
2021-01-21 20:29:11 INFO  Server:30 - SERVER: OK
2021-01-21 20:29:11 INFO  Server:30 - SERVER: PLAYER CHOICE 4 6
2021-01-21 20:29:11 INFO  Server:30 - SERVER: PLAYER CHOICE 4 6
2021-01-21 20:29:11 INFO  Server:30 - SERVER: PLAYER CHOICE 4 6
2021-01-21 20:29:11 INFO  Server:30 - SERVER: YOUR MOVE
2021-01-21 20:29:18 INFO  Server:22 - CLIENT MOVE 12 12 90
2021-01-21 20:29:18 INFO  Server:30 - SERVER: OK
2021-01-21 20:29:18 INFO  Server:30 - SERVER: PLAYER MOVE 12 12 90
2021-01-21 20:29:18 INFO  Server:30 - SERVER: PLAYER MOVE 12 12 90
2021-01-21 20:29:18 INFO  Server:30 - SERVER: YOUR CHOICE
2021-01-21 20:29:18 INFO  Server:30 - SERVER: PLAYER MOVE 12 12 90
2021-01-21 20:29:26 INFO  Server:22 - CLIENT CHOOSE 7
2021-01-21 20:29:26 INFO  Server:30 - SERVER: OK
2021-01-21 20:29:26 INFO  Server:30 - SERVER: PLAYER CHOICE 2 7
2021-01-21 20:29:26 INFO  Server:30 - SERVER: PLAYER CHOICE 2 7
2021-01-21 20:29:26 INFO  Server:30 - SERVER: PLAYER CHOICE 2 7
2021-01-21 20:29:26 INFO  Server:30 - SERVER: YOUR MOVE
2021-01-21 20:29:36 INFO  Server:22 - CLIENT MOVE 1 1 90
2021-01-21 20:29:36 INFO  Server:30 - SERVER: OK
2021-01-21 20:29:36 INFO  Server:30 - SERVER: PLAYER MOVE 1 1 90
2021-01-21 20:29:36 INFO  Server:30 - SERVER: PLAYER MOVE 1 1 90
2021-01-21 20:29:36 INFO  Server:30 - SERVER: PLAYER MOVE 1 1 90
2021-01-21 20:29:36 INFO  Server:30 - SERVER: YOUR CHOICE
2021-01-21 20:29:49 INFO  Server:22 - CLIENT CHOOSE 31
2021-01-21 20:29:49 INFO  Server:30 - SERVER: OK
2021-01-21 20:29:49 INFO  Server:30 - SERVER: PLAYER CHOICE 3 31
2021-01-21 20:29:49 INFO  Server:30 - SERVER: PLAYER CHOICE 3 31
2021-01-21 20:29:49 INFO  Server:30 - SERVER: PLAYER CHOICE 3 31
2021-01-21 20:29:49 INFO  Server:30 - SERVER: ROUND 11 25 34 37
2021-01-21 20:29:49 INFO  Server:30 - SERVER: ROUND 11 25 34 37
2021-01-21 20:29:49 INFO  Server:30 - SERVER: ROUND 11 25 34 37
2021-01-21 20:29:49 INFO  Server:30 - SERVER: ROUND 11 25 34 37
2021-01-21 20:29:49 INFO  Server:30 - SERVER: siema jestes teraz 1 w kolejce
2021-01-21 20:29:49 INFO  Server:30 - SERVER: siema jestes teraz 2 w kolejce
2021-01-21 20:29:49 INFO  Server:30 - SERVER: siema 3 w kolejce
2021-01-21 20:29:49 INFO  Server:30 - SERVER: siema 4 w kolejce
2021-01-21 20:29:49 INFO  Server:30 - SERVER: YOUR MOVE
2021-01-21 23:20:27 INFO  Server:30 - SERVER: CONNECT
2021-01-21 23:20:28 INFO  Server:30 - SERVER: CONNECT
2021-01-21 23:20:29 INFO  Server:30 - SERVER: CONNECT
2021-01-21 23:20:33 INFO  Server:30 - SERVER: CONNECT
2021-01-21 23:20:37 INFO  Server:22 - CLIENT LOGIN A
2021-01-21 23:20:37 INFO  Server:30 - SERVER: OK
2021-01-21 23:20:41 INFO  Server:22 - CLIENT LOGIN B
2021-01-21 23:20:41 INFO  Server:30 - SERVER: OK
2021-01-21 23:20:44 INFO  Server:22 - CLIENT LOGIN C
2021-01-21 23:20:44 INFO  Server:30 - SERVER: OK
2021-01-21 23:20:47 INFO  Server:22 - CLIENT LOGIN D
2021-01-21 23:20:47 INFO  Server:30 - SERVER: OK
2021-01-21 23:20:47 INFO  Server:30 - SERVER: START 4 2 1 3 4 1 18 28 43
2021-01-21 23:20:47 INFO  Server:30 - SERVER: START 1 2 1 3 4 1 18 28 43
2021-01-21 23:20:47 INFO  Server:30 - SERVER: START 2 2 1 3 4 1 18 28 43
2021-01-21 23:20:47 INFO  Server:30 - SERVER: START 3 2 1 3 4 1 18 28 43
2021-01-21 23:20:47 INFO  Server:30 - SERVER: YOUR CHOICE
2021-01-21 23:20:53 INFO  Server:22 - CLIENT CHOOSE 18
2021-01-21 23:20:53 INFO  Server:30 - SERVER: OK
2021-01-21 23:20:53 INFO  Server:30 - SERVER: PLAYER CHOICE 2 18
2021-01-21 23:20:53 INFO  Server:30 - SERVER: PLAYER CHOICE 2 18
2021-01-21 23:20:53 INFO  Server:30 - SERVER: PLAYER CHOICE 2 18
2021-01-21 23:20:53 INFO  Server:30 - SERVER: YOUR CHOICE
2021-01-21 23:21:00 INFO  Server:22 - CLIENT CHOOSE 28
2021-01-21 23:21:00 INFO  Server:30 - SERVER: OK
2021-01-21 23:21:00 INFO  Server:30 - SERVER: PLAYER CHOICE 1 28
2021-01-21 23:21:00 INFO  Server:30 - SERVER: PLAYER CHOICE 1 28
2021-01-21 23:21:00 INFO  Server:30 - SERVER: PLAYER CHOICE 1 28
2021-01-21 23:21:00 INFO  Server:30 - SERVER: YOUR CHOICE
2021-01-21 23:21:10 INFO  Server:22 - CLIENT CHOOSE 43
2021-01-21 23:21:10 INFO  Server:30 - SERVER: OK
2021-01-21 23:21:10 INFO  Server:30 - SERVER: PLAYER CHOICE 3 43
2021-01-21 23:21:10 INFO  Server:30 - SERVER: PLAYER CHOICE 3 43
2021-01-21 23:21:10 INFO  Server:30 - SERVER: PLAYER CHOICE 3 43
2021-01-21 23:21:10 INFO  Server:30 - SERVER: YOUR CHOICE
2021-01-21 23:21:18 INFO  Server:22 - CLIENT CHOOSE 1
2021-01-21 23:21:18 INFO  Server:30 - SERVER: OK
2021-01-21 23:21:18 INFO  Server:30 - SERVER: PLAYER CHOICE 4 1
2021-01-21 23:21:18 INFO  Server:30 - SERVER: PLAYER CHOICE 4 1
2021-01-21 23:21:18 INFO  Server:30 - SERVER: PLAYER CHOICE 4 1
2021-01-21 23:21:18 INFO  Server:30 - SERVER: ROUND 9 19 33 35
2021-01-21 23:21:18 INFO  Server:30 - SERVER: ROUND 9 19 33 35
2021-01-21 23:21:18 INFO  Server:30 - SERVER: ROUND 9 19 33 35
2021-01-21 23:21:18 INFO  Server:30 - SERVER: ROUND 9 19 33 35
2021-01-21 23:21:18 INFO  Server:30 - SERVER: siema jestes teraz 2 w kolejce
2021-01-21 23:21:18 INFO  Server:30 - SERVER: siema jestes teraz 1 w kolejce
2021-01-21 23:21:18 INFO  Server:30 - SERVER: siema 3 w kolejce
2021-01-21 23:21:18 INFO  Server:30 - SERVER: siema 4 w kolejce
2021-01-21 23:21:18 INFO  Server:30 - SERVER: YOUR MOVE
2021-01-21 23:21:36 INFO  Server:22 - CLIENT MOVE 22 22 90
2021-01-21 23:21:36 INFO  Server:30 - SERVER: OK
2021-01-21 23:21:36 INFO  Server:30 - SERVER: PLAYER MOVE 22 22 90
2021-01-21 23:21:36 INFO  Server:30 - SERVER: PLAYER MOVE 22 22 90
2021-01-21 23:21:36 INFO  Server:30 - SERVER: PLAYER MOVE 22 22 90
2021-01-21 23:21:36 INFO  Server:30 - SERVER: YOUR CHOICE
2021-01-21 23:27:12 INFO  Server:22 - CLIENT CHOOSE 9
2021-01-21 23:27:12 INFO  Server:30 - SERVER: OK
2021-01-21 23:27:12 INFO  Server:30 - SERVER: PLAYER CHOICE 4 9
2021-01-21 23:27:12 INFO  Server:30 - SERVER: PLAYER CHOICE 4 9
2021-01-21 23:27:12 INFO  Server:30 - SERVER: PLAYER CHOICE 4 9
2021-01-21 23:27:12 INFO  Server:30 - SERVER: YOUR MOVE
2021-01-21 23:27:25 INFO  Server:22 - CLIENT MOVE 0 0 0
2021-01-21 23:27:25 INFO  Server:30 - SERVER: null
2021-01-21 23:27:25 INFO  Server:30 - SERVER: null
2021-01-21 23:27:25 INFO  Server:30 - SERVER: null
2021-01-21 23:27:25 INFO  Server:30 - SERVER: null
2021-01-21 23:31:50 INFO  Server:30 - SERVER: CONNECT
2021-01-21 23:31:51 INFO  Server:30 - SERVER: CONNECT
2021-01-21 23:31:53 INFO  Server:30 - SERVER: CONNECT
2021-01-21 23:31:55 INFO  Server:30 - SERVER: CONNECT
2021-01-21 23:32:00 INFO  Server:22 - CLIENT LOGIN A
2021-01-21 23:32:00 INFO  Server:30 - SERVER: OK
2021-01-21 23:32:03 INFO  Server:22 - CLIENT LOGIN B
2021-01-21 23:32:03 INFO  Server:30 - SERVER: OK
2021-01-21 23:32:07 INFO  Server:22 - CLIENT LOGIN C
2021-01-21 23:32:07 INFO  Server:30 - SERVER: OK
2021-01-21 23:32:10 INFO  Server:22 - CLIENT LOGIN D
2021-01-21 23:32:10 INFO  Server:30 - SERVER: OK
2021-01-21 23:32:10 INFO  Server:30 - SERVER: START 4 2 3 1 4 1 5 38 45
2021-01-21 23:32:10 INFO  Server:30 - SERVER: START 1 2 3 1 4 1 5 38 45
2021-01-21 23:32:10 INFO  Server:30 - SERVER: START 3 2 3 1 4 1 5 38 45
2021-01-21 23:32:10 INFO  Server:30 - SERVER: START 2 2 3 1 4 1 5 38 45
2021-01-21 23:32:10 INFO  Server:30 - SERVER: YOUR CHOICE
2021-01-21 23:32:18 INFO  Server:22 - CLIENT CHOOSE 38
2021-01-21 23:32:18 INFO  Server:30 - SERVER: OK
2021-01-21 23:32:18 INFO  Server:30 - SERVER: PLAYER CHOICE 2 38
2021-01-21 23:32:18 INFO  Server:30 - SERVER: PLAYER CHOICE 2 38
2021-01-21 23:32:18 INFO  Server:30 - SERVER: PLAYER CHOICE 2 38
2021-01-21 23:32:18 INFO  Server:30 - SERVER: YOUR CHOICE
2021-01-21 23:32:23 INFO  Server:22 - CLIENT CHOOSE 45
2021-01-21 23:32:23 INFO  Server:30 - SERVER: OK
2021-01-21 23:32:23 INFO  Server:30 - SERVER: PLAYER CHOICE 3 45
2021-01-21 23:32:23 INFO  Server:30 - SERVER: PLAYER CHOICE 3 45
2021-01-21 23:32:23 INFO  Server:30 - SERVER: PLAYER CHOICE 3 45
2021-01-21 23:32:23 INFO  Server:30 - SERVER: YOUR CHOICE
2021-01-21 23:32:28 INFO  Server:22 - CLIENT CHOOSE 1
2021-01-21 23:32:28 INFO  Server:30 - SERVER: OK
2021-01-21 23:32:28 INFO  Server:30 - SERVER: PLAYER CHOICE 1 1
2021-01-21 23:32:28 INFO  Server:30 - SERVER: PLAYER CHOICE 1 1
2021-01-21 23:32:28 INFO  Server:30 - SERVER: PLAYER CHOICE 1 1
2021-01-21 23:32:28 INFO  Server:30 - SERVER: YOUR CHOICE
2021-01-21 23:32:38 INFO  Server:22 - CLIENT CHOOSE 5
2021-01-21 23:32:38 INFO  Server:30 - SERVER: OK
2021-01-21 23:32:38 INFO  Server:30 - SERVER: PLAYER CHOICE 4 5
2021-01-21 23:32:38 INFO  Server:30 - SERVER: PLAYER CHOICE 4 5
2021-01-21 23:32:38 INFO  Server:30 - SERVER: PLAYER CHOICE 4 5
2021-01-21 23:32:38 INFO  Server:30 - SERVER: ROUND 15 22 26 37
2021-01-21 23:32:38 INFO  Server:30 - SERVER: ROUND 15 22 26 37
2021-01-21 23:32:38 INFO  Server:30 - SERVER: ROUND 15 22 26 37
2021-01-21 23:32:38 INFO  Server:30 - SERVER: ROUND 15 22 26 37
2021-01-21 23:32:38 INFO  Server:30 - SERVER: siema jestes teraz 2 w kolejce
2021-01-21 23:32:38 INFO  Server:30 - SERVER: siema jestes teraz 1 w kolejce
2021-01-21 23:32:38 INFO  Server:30 - SERVER: siema 3 w kolejce
2021-01-21 23:32:38 INFO  Server:30 - SERVER: siema 4 w kolejce
2021-01-21 23:32:38 INFO  Server:30 - SERVER: YOUR MOVE
2021-01-21 23:32:46 INFO  Server:22 - CLIENT MOVE 22 22 0
2021-01-21 23:32:46 INFO  Server:30 - SERVER: OK
2021-01-21 23:32:46 INFO  Server:30 - SERVER: PLAYER MOVE 22 22 0
2021-01-21 23:32:46 INFO  Server:30 - SERVER: PLAYER MOVE 22 22 0
2021-01-21 23:32:46 INFO  Server:30 - SERVER: PLAYER MOVE 22 22 0
2021-01-21 23:32:46 INFO  Server:30 - SERVER: YOUR CHOICE
2021-01-21 23:35:10 INFO  Server:30 - SERVER: CONNECT
2021-01-21 23:35:11 INFO  Server:30 - SERVER: CONNECT
2021-01-21 23:35:12 INFO  Server:30 - SERVER: CONNECT
